<?xml version="1.0" encoding="UTF-8"?>
<!-- Generated by org.testng.reporters.JUnitReportReporter -->
<testsuite hostname="DESKTOP-D0JLFQF" failures="0" tests="5" name="OMRHospitalLoginTest.OMRHospiatlLoginTest" time="9.253" errors="0" timestamp="2023-04-04T12:36:40 IST" skipped="0">
  <testcase classname="OMRHospitalLoginTest.OMRHospiatlLoginTest" name="verification_OF_UserName_Lable" time="0.091"/>
  <system-out/>
  <testcase classname="OMRHospitalLoginTest.OMRHospiatlLoginTest" name="verification_of_all_languagesPresent" time="2.169"/>
  <system-out>
    <![CDATA[Default - English (Standard)
Albanian
Amharic
Arabic
Armenian
Bahasa Indonesia
Bengali
Bosnian
Chinese (Simplified)
Chinese (Traditional)
Croatian
Czech
Danish
dummy
Dutch
English (Indian)
English (Standard)
Estonian
Finnish
French (Canadian)
French (Standard)
Georgian
German
Greek
Hebrew
Hindi
Hungarian
Italian
Japanese
Korean
Lithuanian
Marathi
Mongolian
Norwegian
Persian
Polish
Portuguese (Brazilian)
Portuguese (European)
Romanian
Russian
Serbian
Sinhala
Slovak
Somali
Spanish (Latin American)
Spanish (Spain)
Swedish
Tamil
Thai
Turkish
Ukrainian
Urdu
Vietnamese]]>
  </system-out>
  <testcase classname="OMRHospitalLoginTest.OMRHospiatlLoginTest" name="verificationOfLoginPage" time="0.264"/>
  <system-out/>
  <testcase classname="OMRHospitalLoginTest.OMRHospiatlLoginTest" name="verification_OF_Password_Label" time="0.088"/>
  <system-out/>
  <testcase classname="OMRHospitalLoginTest.OMRHospiatlLoginTest" name="verifiaction_of_TageLine_Of_LoginPage" time="6.641"/>
  <system-out/>
</testsuite> <!-- OMRHospitalLoginTest.OMRHospiatlLoginTest -->
