<?xml version="1.0" encoding="UTF-8"?>
<!-- Generated by org.testng.reporters.JUnitReportReporter -->
<testsuite hostname="DESKTOP-D0JLFQF" failures="0" tests="5" name="OMRHospitalLoginTest.OMRHospitalLoginTest" time="87.470" errors="0" timestamp="2023-03-29T08:34:29 IST" skipped="0">
  <testcase classname="OMRHospitalLoginTest.OMRHospitalLoginTest" name="verification_of_loginPage_for_Multiple_Role" time="17.456"/>
  <system-out/>
  <testcase classname="OMRHospitalLoginTest.OMRHospitalLoginTest" name="verification_of_loginPage_for_Multiple_Role" time="16.653"/>
  <system-out/>
  <testcase classname="OMRHospitalLoginTest.OMRHospitalLoginTest" name="verification_of_loginPage_for_Multiple_Role" time="17.746"/>
  <system-out/>
  <testcase classname="OMRHospitalLoginTest.OMRHospitalLoginTest" name="verification_of_loginPage_for_Multiple_Role" time="17.640"/>
  <system-out/>
  <testcase classname="OMRHospitalLoginTest.OMRHospitalLoginTest" name="verification_of_loginPage_for_Multiple_Role" time="17.975"/>
  <system-out/>
</testsuite> <!-- OMRHospitalLoginTest.OMRHospitalLoginTest -->
