<?xml version="1.0" encoding="UTF-8"?>
<!-- Generated by org.testng.reporters.JUnitReportReporter -->
<testsuite hostname="DESKTOP-D0JLFQF" failures="0" tests="1" name="ReceptionistModuleTest.AppointBookingTest" time="12.515" errors="0" timestamp="2023-04-02T14:13:58 IST" skipped="0">
  <testcase classname="ReceptionistModuleTest.AppointBookingTest" name="appointment_scheduling" time="12.515"/>
  <system-out/>
</testsuite> <!-- ReceptionistModuleTest.AppointBookingTest -->
