<?xml version="1.0" encoding="UTF-8"?>
<!-- Generated by org.testng.reporters.JUnitReportReporter -->
<testsuite hostname="DESKTOP-D0JLFQF" failures="0" tests="1" name="OpenEMRDEMOPAGE.Class1" time="21.183" errors="0" timestamp="2023-03-16T14:22:28 IST" skipped="0">
  <testcase classname="OpenEMRDEMOPAGE.Class1" name="open" time="21.183"/>
  <system-out/>
</testsuite> <!-- OpenEMRDEMOPAGE.Class1 -->
