<?xml version="1.0" encoding="UTF-8"?>
<!-- Generated by org.testng.reporters.JUnitReportReporter -->
<testsuite hostname="DESKTOP-D0JLFQF" failures="0" tests="1" name="ReceptionistModuleTest.Appointment_Scheduling1_Test" time="13.449" errors="0" timestamp="2023-04-02T16:10:24 IST" skipped="0">
  <testcase classname="ReceptionistModuleTest.Appointment_Scheduling1_Test" name="verify_Appointmnet_Scheduling_of_patinet_by_Passing_all_valid_information" time="13.449"/>
  <system-out/>
</testsuite> <!-- ReceptionistModuleTest.Appointment_Scheduling1_Test -->
